[debug] [2025-09-11T13:44:23.210Z] ----------------------------------------------------------------------
[debug] [2025-09-11T13:44:23.215Z] Command:       C:\Program Files\nodejs\node.exe C:\Users\CBernatz\AppData\Roaming\npm\node_modules\firebase-tools\lib\bin\firebase.js init
[debug] [2025-09-11T13:44:23.216Z] CLI Version:   14.16.0
[debug] [2025-09-11T13:44:23.216Z] Platform:      win32
[debug] [2025-09-11T13:44:23.216Z] Node Version:  v22.11.0
[debug] [2025-09-11T13:44:23.216Z] Time:          Thu Sep 11 2025 09:44:23 GMT-0400 (Eastern Daylight Time)
[debug] [2025-09-11T13:44:23.217Z] ----------------------------------------------------------------------
[debug] 
[debug] [2025-09-11T13:44:23.231Z] > command requires scopes: ["email","openid","https://www.googleapis.com/auth/cloudplatformprojects.readonly","https://www.googleapis.com/auth/firebase","https://www.googleapis.com/auth/cloud-platform"]
[debug] [2025-09-11T13:44:23.232Z] > authorizing via signed-in user (christopher.bernatz@gmail.com)
[info] 
     ######## #### ########  ######## ########     ###     ######  ########
     ##        ##  ##     ## ##       ##     ##  ##   ##  ##       ##
     ######    ##  ########  ######   ########  #########  ######  ######
     ##        ##  ##    ##  ##       ##     ## ##     ##       ## ##
     ##       #### ##     ## ######## ########  ##     ##  ######  ########

You're about to initialize a Firebase project in this directory:

  C:\Users\CBernatz\Documents\SPAS\guess-that-admin

[info] 
=== Project Setup
[info] 
[info] First, let's associate this project directory with a Firebase project.
[info] You can create multiple project aliases by running firebase use --add, 
[info] but for now we'll just set up a default project.
[info] 
[debug] [2025-09-11T13:44:39.062Z] Checked if tokens are valid: false, expires at: 1738249321526
[debug] [2025-09-11T13:44:39.062Z] Checked if tokens are valid: false, expires at: 1738249321526
[debug] [2025-09-11T13:44:39.062Z] > refreshing access token with scopes: []
[debug] [2025-09-11T13:44:39.063Z] >>> [apiv2][query] POST https://www.googleapis.com/oauth2/v3/token [none]
[debug] [2025-09-11T13:44:39.063Z] >>> [apiv2][body] POST https://www.googleapis.com/oauth2/v3/token [omitted]
[debug] [2025-09-11T13:44:39.292Z] <<< [apiv2][status] POST https://www.googleapis.com/oauth2/v3/token 400
[debug] [2025-09-11T13:44:39.292Z] <<< [apiv2][body] POST https://www.googleapis.com/oauth2/v3/token [omitted]
[debug] [2025-09-11T13:44:39.293Z] >>> [apiv2][query] GET https://firebase.googleapis.com/v1beta1/projects pageSize=100
[debug] [2025-09-11T13:44:39.482Z] <<< [apiv2][status] GET https://firebase.googleapis.com/v1beta1/projects 401
[debug] [2025-09-11T13:44:39.483Z] <<< [apiv2][body] GET https://firebase.googleapis.com/v1beta1/projects [omitted]
[debug] [2025-09-11T13:44:39.483Z] Got a 401 Unauthenticated error for a call that required authentication. Refreshing tokens.
[debug] [2025-09-11T13:44:39.483Z] Checked if tokens are valid: false, expires at: 1738249321526
[debug] [2025-09-11T13:44:39.483Z] Checked if tokens are valid: false, expires at: 1738249321526
[debug] [2025-09-11T13:44:39.483Z] > refreshing access token with scopes: []
[debug] [2025-09-11T13:44:39.483Z] >>> [apiv2][query] POST https://www.googleapis.com/oauth2/v3/token [none]
[debug] [2025-09-11T13:44:39.483Z] >>> [apiv2][body] POST https://www.googleapis.com/oauth2/v3/token [omitted]
[debug] [2025-09-11T13:44:39.550Z] <<< [apiv2][status] POST https://www.googleapis.com/oauth2/v3/token 400
[debug] [2025-09-11T13:44:39.550Z] <<< [apiv2][body] POST https://www.googleapis.com/oauth2/v3/token [omitted]
[debug] [2025-09-11T13:44:39.551Z] Request to https://firebase.googleapis.com/v1beta1/projects?pageSize=100 had HTTP Error: 401, Request had invalid authentication credentials. Expected OAuth 2 access token, login cookie or other valid authentication credential. See https://developers.google.com/identity/sign-in/web/devconsole-project.
[debug] [2025-09-11T13:44:39.676Z] FirebaseError: Request to https://firebase.googleapis.com/v1beta1/projects?pageSize=100 had HTTP Error: 401, Request had invalid authentication credentials. Expected OAuth 2 access token, login cookie or other valid authentication credential. See https://developers.google.com/identity/sign-in/web/devconsole-project.
    at responseToError (C:\Users\CBernatz\AppData\Roaming\npm\node_modules\firebase-tools\lib\responseToError.js:52:12)
    at RetryOperation._fn (C:\Users\CBernatz\AppData\Roaming\npm\node_modules\firebase-tools\lib\apiv2.js:312:77)
    at process.processTicksAndRejections (node:internal/process/task_queues:105:5)
[error] 
[error] Error: Failed to list Firebase projects. See firebase-debug.log for more info.
[debug] [2025-09-11T13:45:23.674Z] ----------------------------------------------------------------------
[debug] [2025-09-11T13:45:23.684Z] Command:       C:\Program Files\nodejs\node.exe C:\Users\CBernatz\AppData\Roaming\npm\node_modules\firebase-tools\lib\bin\firebase.js init
[debug] [2025-09-11T13:45:23.685Z] CLI Version:   14.16.0
[debug] [2025-09-11T13:45:23.686Z] Platform:      win32
[debug] [2025-09-11T13:45:23.686Z] Node Version:  v22.11.0
[debug] [2025-09-11T13:45:23.687Z] Time:          Thu Sep 11 2025 09:45:23 GMT-0400 (Eastern Daylight Time)
[debug] [2025-09-11T13:45:23.688Z] ----------------------------------------------------------------------
[debug] 
[debug] [2025-09-11T13:45:23.708Z] > command requires scopes: ["email","openid","https://www.googleapis.com/auth/cloudplatformprojects.readonly","https://www.googleapis.com/auth/firebase","https://www.googleapis.com/auth/cloud-platform"]
[debug] [2025-09-11T13:45:23.710Z] > authorizing via signed-in user (christopher.bernatz@gmail.com)
[info] 
     ######## #### ########  ######## ########     ###     ######  ########
     ##        ##  ##     ## ##       ##     ##  ##   ##  ##       ##
     ######    ##  ########  ######   ########  #########  ######  ######
     ##        ##  ##    ##  ##       ##     ## ##     ##       ## ##
     ##       #### ##     ## ######## ########  ##     ##  ######  ########

You're about to initialize a Firebase project in this directory:

  C:\Users\CBernatz\Documents\SPAS\guess-that-admin

[info] 
=== Project Setup
[info] 
[info] First, let's associate this project directory with a Firebase project.
[info] You can create multiple project aliases by running firebase use --add, 
[info] but for now we'll just set up a default project.
[info] 
[debug] [2025-09-11T13:45:28.521Z] Checked if tokens are valid: false, expires at: 1738249321526
[debug] [2025-09-11T13:45:28.522Z] Checked if tokens are valid: false, expires at: 1738249321526
[debug] [2025-09-11T13:45:28.522Z] > refreshing access token with scopes: []
[debug] [2025-09-11T13:45:28.524Z] >>> [apiv2][query] POST https://www.googleapis.com/oauth2/v3/token [none]
[debug] [2025-09-11T13:45:28.524Z] >>> [apiv2][body] POST https://www.googleapis.com/oauth2/v3/token [omitted]
[debug] [2025-09-11T13:45:28.730Z] <<< [apiv2][status] POST https://www.googleapis.com/oauth2/v3/token 400
[debug] [2025-09-11T13:45:28.730Z] <<< [apiv2][body] POST https://www.googleapis.com/oauth2/v3/token [omitted]
[debug] [2025-09-11T13:45:28.731Z] >>> [apiv2][query] GET https://firebase.googleapis.com/v1beta1/projects pageSize=100
[debug] [2025-09-11T13:45:28.981Z] <<< [apiv2][status] GET https://firebase.googleapis.com/v1beta1/projects 401
[debug] [2025-09-11T13:45:28.981Z] <<< [apiv2][body] GET https://firebase.googleapis.com/v1beta1/projects [omitted]
[debug] [2025-09-11T13:45:28.981Z] Got a 401 Unauthenticated error for a call that required authentication. Refreshing tokens.
[debug] [2025-09-11T13:45:28.981Z] Checked if tokens are valid: false, expires at: 1738249321526
[debug] [2025-09-11T13:45:28.981Z] Checked if tokens are valid: false, expires at: 1738249321526
[debug] [2025-09-11T13:45:28.981Z] > refreshing access token with scopes: []
[debug] [2025-09-11T13:45:28.983Z] >>> [apiv2][query] POST https://www.googleapis.com/oauth2/v3/token [none]
[debug] [2025-09-11T13:45:28.983Z] >>> [apiv2][body] POST https://www.googleapis.com/oauth2/v3/token [omitted]
[debug] [2025-09-11T13:45:29.043Z] <<< [apiv2][status] POST https://www.googleapis.com/oauth2/v3/token 400
[debug] [2025-09-11T13:45:29.043Z] <<< [apiv2][body] POST https://www.googleapis.com/oauth2/v3/token [omitted]
[debug] [2025-09-11T13:45:29.045Z] Request to https://firebase.googleapis.com/v1beta1/projects?pageSize=100 had HTTP Error: 401, Request had invalid authentication credentials. Expected OAuth 2 access token, login cookie or other valid authentication credential. See https://developers.google.com/identity/sign-in/web/devconsole-project.
[debug] [2025-09-11T13:45:29.172Z] FirebaseError: Request to https://firebase.googleapis.com/v1beta1/projects?pageSize=100 had HTTP Error: 401, Request had invalid authentication credentials. Expected OAuth 2 access token, login cookie or other valid authentication credential. See https://developers.google.com/identity/sign-in/web/devconsole-project.
    at responseToError (C:\Users\CBernatz\AppData\Roaming\npm\node_modules\firebase-tools\lib\responseToError.js:52:12)
    at RetryOperation._fn (C:\Users\CBernatz\AppData\Roaming\npm\node_modules\firebase-tools\lib\apiv2.js:312:77)
    at process.processTicksAndRejections (node:internal/process/task_queues:105:5)
[error] 
[error] Error: Failed to list Firebase projects. See firebase-debug.log for more info.
